=== Fetching articles ===
Fetching page list...
Found 1268 pages
Fetching batch 1 (500 articles)...
Fetching batch 2 (500 articles)...
Fetching batch 3 (268 articles)...
Saved to data/raw/articles.xml
=== Fetching images ===
Fetching image list...
Found 39733 images
  Downloaded 50/39733
  Downloaded 100/39733
  Downloaded 150/39733
  Downloaded 200/39733
  Downloaded 250/39733
  Downloaded 300/39733
  Downloaded 350/39733
  Downloaded 400/39733
  Downloaded 450/39733
  Downloaded 500/39733
  Downloaded 550/39733
  Downloaded 600/39733
  Downloaded 650/39733
  Downloaded 700/39733
  Downloaded 750/39733
  Downloaded 800/39733
  Downloaded 850/39733
  Downloaded 900/39733
  Downloaded 950/39733
  Downloaded 1000/39733
  Downloaded 1050/39733
  Downloaded 1100/39733
  Downloaded 1150/39733
  Downloaded 1200/39733
  Downloaded 1250/39733
  Downloaded 1300/39733
  Downloaded 1350/39733
  Downloaded 1400/39733
  Downloaded 1450/39733
  Downloaded 1500/39733
  Downloaded 1550/39733
  Downloaded 1600/39733
  Downloaded 1650/39733
  Downloaded 1700/39733
  Downloaded 1750/39733
  Downloaded 1800/39733
  Downloaded 1850/39733
  Downloaded 1900/39733
  Downloaded 1950/39733
  Downloaded 2000/39733
  Downloaded 2050/39733
  Downloaded 2100/39733
  Downloaded 2150/39733
  Downloaded 2200/39733
  Downloaded 2250/39733
  Downloaded 2300/39733
  Downloaded 2350/39733
  Downloaded 2400/39733
  Downloaded 2450/39733
  Downloaded 2500/39733
  Downloaded 2550/39733
  Downloaded 2600/39733
  Downloaded 2650/39733
  Downloaded 2700/39733
  Downloaded 2750/39733
  Downloaded 2800/39733
  Downloaded 2850/39733
  Downloaded 2900/39733
  Downloaded 2950/39733
  Downloaded 3000/39733
  Downloaded 3050/39733
  Downloaded 3100/39733
  Downloaded 3150/39733
  Downloaded 3200/39733
  Downloaded 3250/39733
  Downloaded 3300/39733
  Downloaded 3350/39733
  Downloaded 3400/39733
  Downloaded 3450/39733
  Downloaded 3500/39733
  Downloaded 3550/39733
  Downloaded 3600/39733
  Downloaded 3650/39733
  Downloaded 3700/39733
  Downloaded 3750/39733
  Downloaded 3800/39733
  Downloaded 3850/39733
  Downloaded 3900/39733
  Downloaded 3950/39733
  Downloaded 4000/39733
  Downloaded 4050/39733
  Downloaded 4100/39733
  Downloaded 4150/39733
  Downloaded 4200/39733
  Downloaded 4250/39733
  Downloaded 4300/39733
  Downloaded 4350/39733
  Downloaded 4400/39733
  Downloaded 4450/39733
  Downloaded 4500/39733
  Downloaded 4550/39733
  Downloaded 4600/39733
  Downloaded 4650/39733
  Downloaded 4700/39733
  Downloaded 4750/39733
  Downloaded 4800/39733
  Downloaded 4850/39733
  Downloaded 4900/39733
  Downloaded 4950/39733
  Downloaded 5000/39733
  Downloaded 5050/39733
  Downloaded 5100/39733
  Downloaded 5150/39733
  Downloaded 5200/39733
  Downloaded 5250/39733
  Downloaded 5300/39733
  Downloaded 5350/39733
  Downloaded 5400/39733
  Downloaded 5450/39733
  Downloaded 5500/39733
  Downloaded 5550/39733
  Downloaded 5600/39733
  Downloaded 5650/39733
  Downloaded 5700/39733
  Downloaded 5750/39733
  Downloaded 5800/39733
  Downloaded 5850/39733
  Downloaded 5900/39733
  Downloaded 5950/39733
  Downloaded 6000/39733
  Downloaded 6050/39733
  Downloaded 6100/39733
  Downloaded 6150/39733
  Downloaded 6200/39733
  Downloaded 6250/39733
  Downloaded 6300/39733
  Downloaded 6350/39733
  Downloaded 6400/39733
  Downloaded 6450/39733
  Downloaded 6500/39733
  Downloaded 6550/39733
  Downloaded 6600/39733
  Downloaded 6650/39733
  Downloaded 6700/39733
  Downloaded 6750/39733
  Downloaded 6800/39733
  Downloaded 6850/39733
  Downloaded 6900/39733
  Downloaded 6950/39733
  Downloaded 7000/39733
  Downloaded 7050/39733
  Downloaded 7100/39733
  Downloaded 7150/39733
  Downloaded 7200/39733
  Downloaded 7250/39733
  Downloaded 7300/39733
  Downloaded 7350/39733
  Downloaded 7400/39733
  Downloaded 7450/39733
  Downloaded 7500/39733
  Downloaded 7550/39733
  Downloaded 7600/39733
  Downloaded 7650/39733
  Downloaded 7700/39733
  Downloaded 7750/39733
  Downloaded 7800/39733
  Downloaded 7850/39733
  Downloaded 7900/39733
  Downloaded 7950/39733
  Downloaded 8000/39733
  Downloaded 8050/39733
  Downloaded 8100/39733
  Downloaded 8150/39733
  Downloaded 8200/39733
  Downloaded 8250/39733
  Downloaded 8300/39733
  Downloaded 8350/39733
  Downloaded 8400/39733
  Downloaded 8450/39733
  Downloaded 8500/39733
  Downloaded 8550/39733
  Downloaded 8600/39733
  Downloaded 8650/39733
  Downloaded 8700/39733
  Downloaded 8750/39733
  Downloaded 8800/39733
  Downloaded 8850/39733
  Downloaded 8900/39733
  Downloaded 8950/39733
  Downloaded 9000/39733
  Downloaded 9050/39733
  Downloaded 9100/39733
  Downloaded 9150/39733
  Downloaded 9200/39733
  Downloaded 9250/39733
  Downloaded 9300/39733
  Downloaded 9350/39733
  Downloaded 9400/39733
  Downloaded 9450/39733
  Downloaded 9500/39733
  Downloaded 9550/39733
  Downloaded 9600/39733
  Downloaded 9650/39733
  Downloaded 9700/39733
  Downloaded 9750/39733
  Downloaded 9800/39733
  Downloaded 9850/39733
  Downloaded 9900/39733
  Downloaded 9950/39733
  Downloaded 10000/39733
  Downloaded 10050/39733
  Downloaded 10100/39733
  Downloaded 10150/39733
  Downloaded 10200/39733
  Downloaded 10250/39733
  Downloaded 10300/39733
  Downloaded 10350/39733
  Downloaded 10400/39733
  Downloaded 10450/39733
  Downloaded 10500/39733
  Downloaded 10550/39733
  Downloaded 10600/39733
  Downloaded 10650/39733
  Downloaded 10700/39733
  Downloaded 10750/39733
  Downloaded 10800/39733
  Downloaded 10850/39733
  Downloaded 10900/39733
  Downloaded 10950/39733
  Downloaded 11000/39733
  Downloaded 11050/39733
  Downloaded 11100/39733
  Downloaded 11150/39733
  Downloaded 11200/39733
  Downloaded 11250/39733
  Downloaded 11300/39733
  Downloaded 11350/39733
  Downloaded 11400/39733
  Downloaded 11450/39733
  Downloaded 11500/39733
  Downloaded 11550/39733
  Downloaded 11600/39733
  Downloaded 11650/39733
  Downloaded 11700/39733
  Downloaded 11750/39733
  Downloaded 11800/39733
  Downloaded 11850/39733
  Downloaded 11900/39733
  Downloaded 11950/39733
  Downloaded 12000/39733
  Downloaded 12050/39733
  Downloaded 12100/39733
  Downloaded 12150/39733
  Downloaded 12200/39733
  Downloaded 12250/39733
  Downloaded 12300/39733
  Downloaded 12350/39733
  Downloaded 12400/39733
  Downloaded 12450/39733
  Downloaded 12500/39733
  Downloaded 12550/39733
  Downloaded 12600/39733
  Downloaded 12650/39733
  Downloaded 12700/39733
  Downloaded 12750/39733
  Downloaded 12800/39733
  Downloaded 12850/39733
  Downloaded 12900/39733
  Downloaded 12950/39733
  Downloaded 13000/39733
  Downloaded 13050/39733
  Downloaded 13100/39733
  Downloaded 13150/39733
  Downloaded 13200/39733
  Downloaded 13250/39733
  Downloaded 13300/39733
  Downloaded 13350/39733
  Downloaded 13400/39733
  Downloaded 13450/39733
  Downloaded 13500/39733
  Downloaded 13550/39733
  Downloaded 13600/39733
  Downloaded 13650/39733
  Downloaded 13700/39733
  Downloaded 13750/39733
  Downloaded 13800/39733
  Downloaded 13850/39733
  Downloaded 13900/39733
  Downloaded 13950/39733
  Downloaded 14000/39733
  Downloaded 14050/39733
  Downloaded 14100/39733
  Downloaded 14150/39733
  Downloaded 14200/39733
  Downloaded 14250/39733
  Downloaded 14300/39733
  Downloaded 14350/39733
  Downloaded 14400/39733
  Downloaded 14450/39733
  Downloaded 14500/39733
  Downloaded 14550/39733
  Downloaded 14600/39733
  Downloaded 14650/39733
  Downloaded 14700/39733
  Downloaded 14750/39733
  Downloaded 14800/39733
  Downloaded 14850/39733
  Downloaded 14900/39733
  Downloaded 14950/39733
  Downloaded 15000/39733
  Downloaded 15050/39733
  Downloaded 15100/39733
  Downloaded 15150/39733
  Downloaded 15200/39733
  Downloaded 15250/39733
  Downloaded 15300/39733
  Downloaded 15350/39733
  Downloaded 15400/39733
  Downloaded 15450/39733
  Downloaded 15500/39733
  Downloaded 15550/39733
  Downloaded 15600/39733
  Downloaded 15650/39733
  Downloaded 15700/39733
  Downloaded 15750/39733
  Downloaded 15800/39733
  Downloaded 15850/39733
  Downloaded 15900/39733
  Downloaded 15950/39733
  Downloaded 16000/39733
  Downloaded 16050/39733
  Downloaded 16100/39733
  Downloaded 16150/39733
  Downloaded 16200/39733
  Downloaded 16250/39733
  Downloaded 16300/39733
  Downloaded 16350/39733
  Downloaded 16400/39733
  Downloaded 16450/39733
  Downloaded 16500/39733
  Downloaded 16550/39733
  Downloaded 16600/39733
  Downloaded 16650/39733
  Downloaded 16700/39733
  Downloaded 16750/39733
  Downloaded 16800/39733
  Downloaded 16850/39733
  Downloaded 16900/39733
  Downloaded 16950/39733
  Downloaded 17000/39733
  Downloaded 17050/39733
  Downloaded 17100/39733
  Downloaded 17150/39733
  Downloaded 17200/39733
  Downloaded 17250/39733
  Downloaded 17300/39733
  Downloaded 17350/39733
  Downloaded 17400/39733
  Downloaded 17450/39733
  Downloaded 17500/39733
  Downloaded 17550/39733
  Downloaded 17600/39733
  Downloaded 17650/39733
  Downloaded 17700/39733
  Downloaded 17750/39733
  Downloaded 17800/39733
  Downloaded 17850/39733
  Downloaded 17900/39733
  Downloaded 17950/39733
  Downloaded 18000/39733
  Downloaded 18050/39733
  Downloaded 18100/39733
  Downloaded 18150/39733
  Downloaded 18200/39733
  Downloaded 18250/39733
  Downloaded 18300/39733
  Downloaded 18350/39733
  Downloaded 18400/39733
  Downloaded 18450/39733
  Downloaded 18500/39733
  Downloaded 18550/39733
  Downloaded 18600/39733
  Downloaded 18650/39733
  Downloaded 18700/39733
  Downloaded 18750/39733
  Downloaded 18800/39733
  Downloaded 18850/39733
  Downloaded 18900/39733
  Downloaded 18950/39733
  Downloaded 19000/39733
  Downloaded 19050/39733
  Downloaded 19100/39733
  Downloaded 19150/39733
  Downloaded 19200/39733
  Downloaded 19250/39733
  Downloaded 19300/39733
  Downloaded 19350/39733
  Downloaded 19400/39733
  Downloaded 19450/39733
  Downloaded 19500/39733
  Downloaded 19550/39733
  Downloaded 19600/39733
  Downloaded 19650/39733
  Downloaded 19700/39733
  Downloaded 19750/39733
  Downloaded 19800/39733
  Downloaded 19850/39733
  Downloaded 19900/39733
  Downloaded 19950/39733
  Downloaded 20000/39733
  Downloaded 20050/39733
  Downloaded 20100/39733
  Downloaded 20150/39733
  Downloaded 20200/39733
  Downloaded 20250/39733
  Downloaded 20300/39733
  Downloaded 20350/39733
  Downloaded 20400/39733
  Downloaded 20450/39733
  Downloaded 20500/39733
  Downloaded 20550/39733
  Downloaded 20600/39733
  Downloaded 20650/39733
  Downloaded 20700/39733
  Downloaded 20750/39733
  Downloaded 20800/39733
  Downloaded 20850/39733
  Downloaded 20900/39733
  Downloaded 20950/39733
  Downloaded 21000/39733
  Downloaded 21050/39733
  Downloaded 21100/39733
  Downloaded 21150/39733
  Downloaded 21200/39733
  Downloaded 21250/39733
  Downloaded 21300/39733
  Downloaded 21350/39733
  Downloaded 21400/39733
  Downloaded 21450/39733
  Downloaded 21500/39733
  Downloaded 21550/39733
  Downloaded 21600/39733
  Downloaded 21650/39733
  Downloaded 21700/39733
  Downloaded 21750/39733
  Downloaded 21800/39733
  Downloaded 21850/39733
  Downloaded 21900/39733
  Downloaded 21950/39733
  Downloaded 22000/39733
  Downloaded 22050/39733
  Downloaded 22100/39733
  Downloaded 22150/39733
  Downloaded 22200/39733
  Downloaded 22250/39733
  Downloaded 22300/39733
  Downloaded 22350/39733
  Downloaded 22400/39733
  Downloaded 22450/39733
  Downloaded 22500/39733
  Downloaded 22550/39733
  Downloaded 22600/39733
  Downloaded 22650/39733
  Downloaded 22700/39733
  Downloaded 22750/39733
  Downloaded 22800/39733
  Downloaded 22850/39733
  Downloaded 22900/39733
  Downloaded 22950/39733
  Downloaded 23000/39733
  Downloaded 23050/39733
  Downloaded 23100/39733
  Downloaded 23150/39733
  Downloaded 23200/39733
  Downloaded 23250/39733
  Downloaded 23300/39733
  Downloaded 23350/39733
  Downloaded 23400/39733
  Downloaded 23450/39733
  Downloaded 23500/39733
  Downloaded 23550/39733
  Downloaded 23600/39733
  Downloaded 23650/39733
  Downloaded 23700/39733
  Downloaded 23750/39733
  Downloaded 23800/39733
  Downloaded 23850/39733
  Downloaded 23900/39733
  Downloaded 23950/39733
  Downloaded 24000/39733
  Downloaded 24050/39733
  Downloaded 24100/39733
  Downloaded 24150/39733
  Downloaded 24200/39733
  Downloaded 24250/39733
  Downloaded 24300/39733
  Downloaded 24350/39733
  Downloaded 24400/39733
  Downloaded 24450/39733
  Downloaded 24500/39733
  Downloaded 24550/39733
  Downloaded 24600/39733
  Downloaded 24650/39733
  Downloaded 24700/39733
  Downloaded 24750/39733
  Downloaded 24800/39733
  Downloaded 24850/39733
  Downloaded 24900/39733
  Downloaded 24950/39733
  Downloaded 25000/39733
  Downloaded 25050/39733
  Downloaded 25100/39733
  Downloaded 25150/39733
  Downloaded 25200/39733
  Downloaded 25250/39733
  Downloaded 25300/39733
  Downloaded 25350/39733
  Downloaded 25400/39733
  Downloaded 25450/39733
  Downloaded 25500/39733
  Downloaded 25550/39733
  Downloaded 25600/39733
  Downloaded 25650/39733
  Downloaded 25700/39733
  Downloaded 25750/39733
  Downloaded 25800/39733
  Downloaded 25850/39733
  Downloaded 25900/39733
  Downloaded 25950/39733
  Downloaded 26000/39733
  Downloaded 26050/39733
  Downloaded 26100/39733
  Downloaded 26150/39733
  Downloaded 26200/39733
  Downloaded 26250/39733
  Downloaded 26300/39733
  Downloaded 26350/39733
  Downloaded 26400/39733
  Downloaded 26450/39733
  Downloaded 26500/39733
  Downloaded 26550/39733
  Downloaded 26600/39733
  Downloaded 26650/39733
  Downloaded 26700/39733
  Downloaded 26750/39733
  Downloaded 26800/39733
  Downloaded 26850/39733
  Downloaded 26900/39733
  Downloaded 26950/39733
  Downloaded 27000/39733
  Downloaded 27050/39733
  Downloaded 27100/39733
  Downloaded 27150/39733
  Downloaded 27200/39733
  Downloaded 27250/39733
  Downloaded 27300/39733
  Downloaded 27350/39733
  Downloaded 27400/39733
  Downloaded 27450/39733
  Downloaded 27500/39733
  Downloaded 27550/39733
  Downloaded 27600/39733
  Downloaded 27650/39733
  Downloaded 27700/39733
  Downloaded 27750/39733
  Downloaded 27800/39733
  Downloaded 27850/39733
  Downloaded 27900/39733
  Downloaded 27950/39733
  Downloaded 28000/39733
  Downloaded 28050/39733
  Downloaded 28100/39733
  Downloaded 28150/39733
  Downloaded 28200/39733
  Downloaded 28250/39733
  Downloaded 28300/39733
  Downloaded 28350/39733
  Downloaded 28400/39733
  Downloaded 28450/39733
  Downloaded 28500/39733
  Downloaded 28550/39733
  Downloaded 28600/39733
  Downloaded 28650/39733
  Downloaded 28700/39733
  Downloaded 28750/39733
  Downloaded 28800/39733
  Downloaded 28850/39733
  Downloaded 28900/39733
  Downloaded 28950/39733
  Downloaded 29000/39733
  Downloaded 29050/39733
  Downloaded 29100/39733
  Downloaded 29150/39733
  Downloaded 29200/39733
  Downloaded 29250/39733
  Downloaded 29300/39733
  Downloaded 29350/39733
  Downloaded 29400/39733
  Downloaded 29450/39733
  Downloaded 29500/39733
  Downloaded 29550/39733
  Downloaded 29600/39733
  Downloaded 29650/39733
  Downloaded 29700/39733
  Downloaded 29750/39733
  Downloaded 29800/39733
  Downloaded 29850/39733
  Downloaded 29900/39733
  Downloaded 29950/39733
  Downloaded 30000/39733
  Downloaded 30050/39733
  Downloaded 30100/39733
  Downloaded 30150/39733
  Downloaded 30200/39733
  Downloaded 30250/39733
  Downloaded 30300/39733
  Downloaded 30350/39733
  Downloaded 30400/39733
  Downloaded 30450/39733
  Downloaded 30500/39733
  Downloaded 30550/39733
  Downloaded 30600/39733
  Downloaded 30650/39733
  Downloaded 30700/39733
  Downloaded 30750/39733
  Downloaded 30800/39733
  Downloaded 30850/39733
  Downloaded 30900/39733
  Downloaded 30950/39733
  Downloaded 31000/39733
  Downloaded 31050/39733
  Downloaded 31100/39733
  Downloaded 31150/39733
  Downloaded 31200/39733
  Downloaded 31250/39733
  Downloaded 31300/39733
  Downloaded 31350/39733
  Downloaded 31400/39733
  Downloaded 31450/39733
  Downloaded 31500/39733
  Downloaded 31550/39733
  Downloaded 31600/39733
  Downloaded 31650/39733
  Downloaded 31700/39733
  Downloaded 31750/39733
  Downloaded 31800/39733
  Downloaded 31850/39733
  Downloaded 31900/39733
  Downloaded 31950/39733
  Downloaded 32000/39733
  Downloaded 32050/39733
  Downloaded 32100/39733
  Downloaded 32150/39733
  Downloaded 32200/39733
  Downloaded 32250/39733
  Downloaded 32300/39733
  Downloaded 32350/39733
  Downloaded 32400/39733
  Downloaded 32450/39733
  Downloaded 32500/39733
  Downloaded 32550/39733
  Downloaded 32600/39733
  Downloaded 32650/39733
  Downloaded 32700/39733
  Downloaded 32750/39733
  Downloaded 32800/39733
  Downloaded 32850/39733
  Downloaded 32900/39733
  Downloaded 32950/39733
  Downloaded 33000/39733
  Downloaded 33050/39733
  Downloaded 33100/39733
  Downloaded 33150/39733
  Downloaded 33200/39733
  Downloaded 33250/39733
  Downloaded 33300/39733
  Downloaded 33350/39733
  Downloaded 33400/39733
  Downloaded 33450/39733
  Downloaded 33500/39733
  Downloaded 33550/39733
  Downloaded 33600/39733
  Downloaded 33650/39733
  Downloaded 33700/39733
  Downloaded 33750/39733
  Downloaded 33800/39733
  Downloaded 33850/39733
  Downloaded 33900/39733
  Downloaded 33950/39733
  Downloaded 34000/39733
  Downloaded 34050/39733
  Downloaded 34100/39733
  Downloaded 34150/39733
  Downloaded 34200/39733
  Downloaded 34250/39733
  Downloaded 34300/39733
  Downloaded 34350/39733
  Downloaded 34400/39733
  Downloaded 34450/39733
  Downloaded 34500/39733
  Downloaded 34550/39733
  Downloaded 34600/39733
  Downloaded 34650/39733
  Downloaded 34700/39733
  Downloaded 34750/39733
  Downloaded 34800/39733
  Downloaded 34850/39733
  Downloaded 34900/39733
  Downloaded 34950/39733
  Downloaded 35000/39733
  Downloaded 35050/39733
  Downloaded 35100/39733
  Downloaded 35150/39733
  Downloaded 35200/39733
  Downloaded 35250/39733
  Downloaded 35300/39733
  Downloaded 35350/39733
  Downloaded 35400/39733
  Downloaded 35450/39733
  Downloaded 35500/39733
  Downloaded 35550/39733
  Downloaded 35600/39733
  Downloaded 35650/39733
  Downloaded 35700/39733
  Downloaded 35750/39733
  Downloaded 35800/39733
  Downloaded 35850/39733
  Downloaded 35900/39733
  Downloaded 35950/39733
  Downloaded 36000/39733
  Downloaded 36050/39733
  Downloaded 36100/39733
  Downloaded 36150/39733
  Downloaded 36200/39733
  Downloaded 36250/39733
  Downloaded 36300/39733
  Downloaded 36350/39733
  Downloaded 36400/39733
  Downloaded 36450/39733
  Downloaded 36500/39733
  Downloaded 36550/39733
  Downloaded 36600/39733
  Downloaded 36650/39733
  Downloaded 36700/39733
  Downloaded 36750/39733
  Downloaded 36800/39733
  Downloaded 36850/39733
  Downloaded 36900/39733
  Downloaded 36950/39733
  Downloaded 37000/39733
  Downloaded 37050/39733
  Downloaded 37100/39733
  Downloaded 37150/39733
  Downloaded 37200/39733
  Downloaded 37250/39733
  Downloaded 37300/39733
  Downloaded 37350/39733
  Downloaded 37400/39733
  Downloaded 37450/39733
  Downloaded 37500/39733
  Downloaded 37550/39733
  Downloaded 37600/39733
  Downloaded 37650/39733
  Downloaded 37700/39733
  Downloaded 37750/39733
  Downloaded 37800/39733
  Downloaded 37850/39733
  Downloaded 37900/39733
  Downloaded 37950/39733
  Downloaded 38000/39733
  Downloaded 38050/39733
  Downloaded 38100/39733
  Downloaded 38150/39733
  Downloaded 38200/39733
  Downloaded 38250/39733
  Downloaded 38300/39733
  Downloaded 38350/39733
  Downloaded 38400/39733
  Downloaded 38450/39733
  Downloaded 38500/39733
  Downloaded 38550/39733
  Downloaded 38600/39733
  Downloaded 38650/39733
  Downloaded 38700/39733
  Downloaded 38750/39733
  Downloaded 38800/39733
  Downloaded 38850/39733
  Downloaded 38900/39733
  Downloaded 38950/39733
  Downloaded 39000/39733
  Downloaded 39050/39733
  Downloaded 39100/39733
  Downloaded 39150/39733
  Downloaded 39200/39733
  Downloaded 39250/39733
  Downloaded 39300/39733
  Downloaded 39350/39733
  Downloaded 39400/39733
  Downloaded 39450/39733
  Downloaded 39500/39733
  Downloaded 39550/39733
  Downloaded 39600/39733
  Downloaded 39650/39733
  Downloaded 39700/39733
